<?xml version="1.0" encoding="UTF-8"?>
<!-- Generated by org.testng.reporters.JUnitXMLReporter -->
<testsuite ignored="0" hostname="DESKTOP-E11VTBO" failures="0" tests="4" name="Default test" time="8.682" errors="0" timestamp="2022-06-10T07:15:15 ICT">
  <testcase classname="qaautomation.tugas5.APITest" name="registerAPI" time="2.856"/>
  <testcase classname="qaautomation.tugas5.APITest" name="registerAPI1" time="1.506"/>
  <testcase classname="qaautomation.tugas5.APITest" name="registerAPI2" time="1.466"/>
  <testcase classname="qaautomation.tugas5.APITest" name="registerAPI3" time="1.502"/>
</testsuite> <!-- Default test -->
