<?xml version="1.0" encoding="UTF-8"?>
<!-- Generated by org.testng.reporters.JUnitXMLReporter -->
<testsuite ignored="0" hostname="DESKTOP-E11VTBO" failures="0" tests="6" name="Test" time="17.845" errors="0" timestamp="2022-06-10T15:51:34 ICT">
  <testcase classname="qaautomation.tugas3.WebTestSauceDemo" name="testLogin" time="1.034"/>
  <testcase classname="qaautomation.tugas4.WebTestYopMail" name="testLogin" time="2.572"/>
  <testcase classname="qaautomation.tugas5.APITest" name="registerAPI" time="2.425"/>
  <testcase classname="qaautomation.tugas5.APITest" name="registerAPI1" time="1.406"/>
  <testcase classname="qaautomation.tugas5.APITest" name="registerAPI2" time="1.492"/>
  <testcase classname="qaautomation.tugas5.APITest" name="registerAPI3" time="1.366"/>
</testsuite> <!-- Test -->
