<?xml version="1.0" encoding="UTF-8"?>
<!-- Generated by org.testng.reporters.JUnitXMLReporter -->
<testsuite ignored="0" hostname="DESKTOP-E11VTBO" failures="0" tests="6" name="Test" time="31.444" errors="0" timestamp="2022-06-11T05:49:17 ICT">
  <testcase classname="qaautomation.tugas3.WebTestSauceDemo" name="testLogin" time="0.988"/>
  <testcase classname="qaautomation.tugas4.WebTestYopMail" name="testLogin" time="3.707"/>
  <testcase classname="qaautomation.tugas5.APITest" name="registerAPI" time="8.778"/>
  <testcase classname="qaautomation.tugas5.APITest" name="registerAPI1" time="1.494"/>
  <testcase classname="qaautomation.tugas5.APITest" name="registerAPI2" time="1.672"/>
  <testcase classname="qaautomation.tugas5.APITest" name="registerAPI3" time="1.485"/>
</testsuite> <!-- Test -->
