<?xml version="1.0" encoding="UTF-8"?>
<!-- Generated by org.testng.reporters.JUnitXMLReporter -->
<testsuite ignored="0" hostname="DESKTOP-E11VTBO" failures="0" tests="6" name="Test" time="57.357" errors="0" timestamp="12 Jun 2022 08:14:28 GMT">
  <testcase classname="qaautomation.tugas3.WebTestSauceDemo" name="testLogin" time="5.283"/>
  <testcase classname="qaautomation.tugas4.WebTestYopMail" name="testLogin" time="11.858"/>
  <testcase classname="qaautomation.tugas5.APITest" name="registerAPI" time="9.076"/>
  <testcase classname="qaautomation.tugas5.APITest" name="registerAPI1" time="1.571"/>
  <testcase classname="qaautomation.tugas5.APITest" name="registerAPI2" time="1.663"/>
  <testcase classname="qaautomation.tugas5.APITest" name="registerAPI3" time="1.521"/>
</testsuite> <!-- Test -->
