<?xml version="1.0" encoding="UTF-8"?>
<testsuite xmlns:xsi="http://www.w3.org/2001/XMLSchema-instance" xsi:schemaLocation="https://maven.apache.org/surefire/maven-surefire-plugin/xsd/surefire-test-report.xsd" name="TestSuite" time="61.532" tests="6" errors="0" skipped="0" failures="0">
  <properties>
[...]
</properties>
  <testcase name="testLogin" classname="qaautomation.tugas3.WebTestSauceDemo" time="5.215"/>
  <testcase name="testLogin" classname="qaautomation.tugas4.WebTestYopMail" time="11.859"/>
  <testcase name="registerAPI" classname="qaautomation.tugas5.APITest" time="9.078"/>
  <testcase name="registerAPI1" classname="qaautomation.tugas5.APITest" time="1.567"/>
  <testcase name="registerAPI2" classname="qaautomation.tugas5.APITest" time="1.662"/>
  <testcase name="registerAPI3" classname="qaautomation.tugas5.APITest" time="1.521"/>
</testsuite>