<?xml version="1.0" encoding="UTF-8"?>
<testng-results ignored="0" total="6" passed="6" failed="0" skipped="0">
  <reporter-output>
  </reporter-output>
  <suite started-at="2022-06-12T08:13:30Z" name="Suite" finished-at="2022-06-12T08:14:28Z" duration-ms="57357">
    <groups>
    </groups>
    <test started-at="2022-06-12T08:13:30Z" name="Test" finished-at="2022-06-12T08:14:28Z" duration-ms="57357">
      <class name="qaautomation.tugas4.WebTestYopMail">
        <test-method is-config="true" signature="setUp()[pri:0, instance:qaautomation.tugas4.WebTestYopMail@85e6769]" started-at="2022-06-12T08:13:49Z" name="setUp" finished-at="2022-06-12T08:13:58Z" duration-ms="8979" status="PASS">
          <reporter-output>
          </reporter-output>
        </test-method> <!-- setUp -->
        <test-method signature="testLogin()[pri:0, instance:qaautomation.tugas4.WebTestYopMail@85e6769]" started-at="2022-06-12T08:13:58Z" name="testLogin" finished-at="2022-06-12T08:14:10Z" duration-ms="11858" status="PASS">
          <reporter-output>
          </reporter-output>
        </test-method> <!-- testLogin -->
        <test-method is-config="true" signature="tearDown()[pri:0, instance:qaautomation.tugas4.WebTestYopMail@85e6769]" started-at="2022-06-12T08:14:10Z" name="tearDown" finished-at="2022-06-12T08:14:10Z" duration-ms="171" status="PASS">
          <reporter-output>
          </reporter-output>
        </test-method> <!-- tearDown -->
      </class> <!-- qaautomation.tugas4.WebTestYopMail -->
      <class name="qaautomation.tugas5.APITest">
        <test-method is-config="true" signature="login()[pri:0, instance:qaautomation.tugas5.APITest@c5ee75e]" started-at="2022-06-12T08:14:10Z" name="login" finished-at="2022-06-12T08:14:13Z" duration-ms="3397" status="PASS">
          <reporter-output>
          </reporter-output>
        </test-method> <!-- login -->
        <test-method signature="registerAPI()[pri:0, instance:qaautomation.tugas5.APITest@c5ee75e]" started-at="2022-06-12T08:14:13Z" name="registerAPI" finished-at="2022-06-12T08:14:22Z" duration-ms="9076" status="PASS">
          <reporter-output>
          </reporter-output>
        </test-method> <!-- registerAPI -->
        <test-method is-config="true" signature="login()[pri:0, instance:qaautomation.tugas5.APITest@c5ee75e]" started-at="2022-06-12T08:14:22Z" name="login" finished-at="2022-06-12T08:14:23Z" duration-ms="246" status="PASS">
          <reporter-output>
          </reporter-output>
        </test-method> <!-- login -->
        <test-method signature="registerAPI1()[pri:0, instance:qaautomation.tugas5.APITest@c5ee75e]" started-at="2022-06-12T08:14:23Z" name="registerAPI1" finished-at="2022-06-12T08:14:24Z" duration-ms="1571" status="PASS">
          <reporter-output>
          </reporter-output>
        </test-method> <!-- registerAPI1 -->
        <test-method is-config="true" signature="login()[pri:0, instance:qaautomation.tugas5.APITest@c5ee75e]" started-at="2022-06-12T08:14:24Z" name="login" finished-at="2022-06-12T08:14:24Z" duration-ms="55" status="PASS">
          <reporter-output>
          </reporter-output>
        </test-method> <!-- login -->
        <test-method signature="registerAPI2()[pri:0, instance:qaautomation.tugas5.APITest@c5ee75e]" started-at="2022-06-12T08:14:24Z" name="registerAPI2" finished-at="2022-06-12T08:14:26Z" duration-ms="1663" status="PASS">
          <reporter-output>
          </reporter-output>
        </test-method> <!-- registerAPI2 -->
        <test-method is-config="true" signature="login()[pri:0, instance:qaautomation.tugas5.APITest@c5ee75e]" started-at="2022-06-12T08:14:26Z" name="login" finished-at="2022-06-12T08:14:26Z" duration-ms="37" status="PASS">
          <reporter-output>
          </reporter-output>
        </test-method> <!-- login -->
        <test-method signature="registerAPI3()[pri:0, instance:qaautomation.tugas5.APITest@c5ee75e]" started-at="2022-06-12T08:14:26Z" name="registerAPI3" finished-at="2022-06-12T08:14:28Z" duration-ms="1521" status="PASS">
          <reporter-output>
          </reporter-output>
        </test-method> <!-- registerAPI3 -->
      </class> <!-- qaautomation.tugas5.APITest -->
      <class name="qaautomation.tugas3.WebTestSauceDemo">
        <test-method is-config="true" signature="setUp()[pri:0, instance:qaautomation.tugas3.WebTestSauceDemo@6c25e6c4]" started-at="2022-06-12T08:13:30Z" name="setUp" finished-at="2022-06-12T08:13:43Z" duration-ms="12707" status="PASS">
          <reporter-output>
          </reporter-output>
        </test-method> <!-- setUp -->
        <test-method signature="testLogin()[pri:0, instance:qaautomation.tugas3.WebTestSauceDemo@6c25e6c4]" started-at="2022-06-12T08:13:43Z" name="testLogin" finished-at="2022-06-12T08:13:49Z" duration-ms="5283" status="PASS">
          <reporter-output>
          </reporter-output>
        </test-method> <!-- testLogin -->
        <test-method is-config="true" signature="tearDown()[pri:0, instance:qaautomation.tugas3.WebTestSauceDemo@6c25e6c4]" started-at="2022-06-12T08:13:49Z" name="tearDown" finished-at="2022-06-12T08:13:49Z" duration-ms="299" status="PASS">
          <reporter-output>
          </reporter-output>
        </test-method> <!-- tearDown -->
      </class> <!-- qaautomation.tugas3.WebTestSauceDemo -->
    </test> <!-- Test -->
  </suite> <!-- Suite -->
</testng-results>
