<?xml version="1.0" encoding="UTF-8"?>
<testng-results ignored="0" total="6" passed="6" failed="0" skipped="0">
  <reporter-output>
  </reporter-output>
  <suite started-at="2022-06-11T05:48:46 ICT" name="Suite" finished-at="2022-06-11T05:49:17 ICT" duration-ms="31444">
    <groups>
    </groups>
    <test started-at="2022-06-11T05:48:46 ICT" name="Test" finished-at="2022-06-11T05:49:17 ICT" duration-ms="31444">
      <class name="qaautomation.tugas4.WebTestYopMail">
        <test-method is-config="true" signature="setUp()[pri:0, instance:qaautomation.tugas4.WebTestYopMail@3f91b517]" started-at="2022-06-11T05:48:54 ICT" name="setUp" finished-at="2022-06-11T05:48:59 ICT" duration-ms="5561" status="PASS">
          <reporter-output>
          </reporter-output>
        </test-method> <!-- setUp -->
        <test-method signature="testLogin()[pri:0, instance:qaautomation.tugas4.WebTestYopMail@3f91b517]" started-at="2022-06-11T05:48:59 ICT" name="testLogin" finished-at="2022-06-11T05:49:03 ICT" duration-ms="3707" status="PASS">
          <reporter-output>
          </reporter-output>
        </test-method> <!-- testLogin -->
        <test-method is-config="true" signature="tearDown()[pri:0, instance:qaautomation.tugas4.WebTestYopMail@3f91b517]" started-at="2022-06-11T05:49:03 ICT" name="tearDown" finished-at="2022-06-11T05:49:03 ICT" duration-ms="68" status="PASS">
          <reporter-output>
          </reporter-output>
        </test-method> <!-- tearDown -->
      </class> <!-- qaautomation.tugas4.WebTestYopMail -->
      <class name="qaautomation.tugas5.APITest">
        <test-method is-config="true" signature="login()[pri:0, instance:qaautomation.tugas5.APITest@68702e03]" started-at="2022-06-11T05:49:03 ICT" name="login" finished-at="2022-06-11T05:49:04 ICT" duration-ms="972" status="PASS">
          <reporter-output>
          </reporter-output>
        </test-method> <!-- login -->
        <test-method signature="registerAPI()[pri:0, instance:qaautomation.tugas5.APITest@68702e03]" started-at="2022-06-11T05:49:04 ICT" name="registerAPI" finished-at="2022-06-11T05:49:13 ICT" duration-ms="8778" status="PASS">
          <reporter-output>
          </reporter-output>
        </test-method> <!-- registerAPI -->
        <test-method is-config="true" signature="login()[pri:0, instance:qaautomation.tugas5.APITest@68702e03]" started-at="2022-06-11T05:49:13 ICT" name="login" finished-at="2022-06-11T05:49:13 ICT" duration-ms="34" status="PASS">
          <reporter-output>
          </reporter-output>
        </test-method> <!-- login -->
        <test-method signature="registerAPI1()[pri:0, instance:qaautomation.tugas5.APITest@68702e03]" started-at="2022-06-11T05:49:13 ICT" name="registerAPI1" finished-at="2022-06-11T05:49:14 ICT" duration-ms="1494" status="PASS">
          <reporter-output>
          </reporter-output>
        </test-method> <!-- registerAPI1 -->
        <test-method is-config="true" signature="login()[pri:0, instance:qaautomation.tugas5.APITest@68702e03]" started-at="2022-06-11T05:49:14 ICT" name="login" finished-at="2022-06-11T05:49:14 ICT" duration-ms="33" status="PASS">
          <reporter-output>
          </reporter-output>
        </test-method> <!-- login -->
        <test-method signature="registerAPI2()[pri:0, instance:qaautomation.tugas5.APITest@68702e03]" started-at="2022-06-11T05:49:14 ICT" name="registerAPI2" finished-at="2022-06-11T05:49:16 ICT" duration-ms="1672" status="PASS">
          <reporter-output>
          </reporter-output>
        </test-method> <!-- registerAPI2 -->
        <test-method is-config="true" signature="login()[pri:0, instance:qaautomation.tugas5.APITest@68702e03]" started-at="2022-06-11T05:49:16 ICT" name="login" finished-at="2022-06-11T05:49:16 ICT" duration-ms="17" status="PASS">
          <reporter-output>
          </reporter-output>
        </test-method> <!-- login -->
        <test-method signature="registerAPI3()[pri:0, instance:qaautomation.tugas5.APITest@68702e03]" started-at="2022-06-11T05:49:16 ICT" name="registerAPI3" finished-at="2022-06-11T05:49:17 ICT" duration-ms="1485" status="PASS">
          <reporter-output>
          </reporter-output>
        </test-method> <!-- registerAPI3 -->
      </class> <!-- qaautomation.tugas5.APITest -->
      <class name="qaautomation.tugas3.WebTestSauceDemo">
        <test-method is-config="true" signature="setUp()[pri:0, instance:qaautomation.tugas3.WebTestSauceDemo@4241e0f4]" started-at="2022-06-11T05:48:46 ICT" name="setUp" finished-at="2022-06-11T05:48:52 ICT" duration-ms="6390" status="PASS">
          <reporter-output>
          </reporter-output>
        </test-method> <!-- setUp -->
        <test-method signature="testLogin()[pri:0, instance:qaautomation.tugas3.WebTestSauceDemo@4241e0f4]" started-at="2022-06-11T05:48:53 ICT" name="testLogin" finished-at="2022-06-11T05:48:54 ICT" duration-ms="988" status="PASS">
          <reporter-output>
          </reporter-output>
        </test-method> <!-- testLogin -->
        <test-method is-config="true" signature="tearDown()[pri:0, instance:qaautomation.tugas3.WebTestSauceDemo@4241e0f4]" started-at="2022-06-11T05:48:54 ICT" name="tearDown" finished-at="2022-06-11T05:48:54 ICT" duration-ms="71" status="PASS">
          <reporter-output>
          </reporter-output>
        </test-method> <!-- tearDown -->
      </class> <!-- qaautomation.tugas3.WebTestSauceDemo -->
    </test> <!-- Test -->
  </suite> <!-- Suite -->
</testng-results>
