<?xml version="1.0" encoding="UTF-8"?>
<testng-results ignored="0" total="6" passed="6" failed="0" skipped="0">
  <reporter-output>
  </reporter-output>
  <suite started-at="2022-06-10T15:51:16 ICT" name="Suite" finished-at="2022-06-10T15:51:34 ICT" duration-ms="17845">
    <groups>
    </groups>
    <test started-at="2022-06-10T15:51:16 ICT" name="Test" finished-at="2022-06-10T15:51:34 ICT" duration-ms="17845">
      <class name="qaautomation.tugas4.WebTestYopMail">
        <test-method is-config="true" signature="setUp()[pri:0, instance:qaautomation.tugas4.WebTestYopMail@3f91b517]" started-at="2022-06-10T15:51:20 ICT" name="setUp" finished-at="2022-06-10T15:51:23 ICT" duration-ms="3832" status="PASS">
          <reporter-output>
          </reporter-output>
        </test-method> <!-- setUp -->
        <test-method signature="testLogin()[pri:0, instance:qaautomation.tugas4.WebTestYopMail@3f91b517]" started-at="2022-06-10T15:51:23 ICT" name="testLogin" finished-at="2022-06-10T15:51:26 ICT" duration-ms="2572" status="PASS">
          <reporter-output>
          </reporter-output>
        </test-method> <!-- testLogin -->
        <test-method is-config="true" signature="tearDown()[pri:0, instance:qaautomation.tugas4.WebTestYopMail@3f91b517]" started-at="2022-06-10T15:51:26 ICT" name="tearDown" finished-at="2022-06-10T15:51:26 ICT" duration-ms="100" status="PASS">
          <reporter-output>
          </reporter-output>
        </test-method> <!-- tearDown -->
      </class> <!-- qaautomation.tugas4.WebTestYopMail -->
      <class name="qaautomation.tugas5.APITest">
        <test-method is-config="true" signature="login()[pri:0, instance:qaautomation.tugas5.APITest@68702e03]" started-at="2022-06-10T15:51:26 ICT" name="login" finished-at="2022-06-10T15:51:27 ICT" duration-ms="982" status="PASS">
          <reporter-output>
          </reporter-output>
        </test-method> <!-- login -->
        <test-method signature="registerAPI()[pri:0, instance:qaautomation.tugas5.APITest@68702e03]" started-at="2022-06-10T15:51:27 ICT" name="registerAPI" finished-at="2022-06-10T15:51:30 ICT" duration-ms="2425" status="PASS">
          <reporter-output>
          </reporter-output>
        </test-method> <!-- registerAPI -->
        <test-method is-config="true" signature="login()[pri:0, instance:qaautomation.tugas5.APITest@68702e03]" started-at="2022-06-10T15:51:30 ICT" name="login" finished-at="2022-06-10T15:51:30 ICT" duration-ms="32" status="PASS">
          <reporter-output>
          </reporter-output>
        </test-method> <!-- login -->
        <test-method signature="registerAPI1()[pri:0, instance:qaautomation.tugas5.APITest@68702e03]" started-at="2022-06-10T15:51:30 ICT" name="registerAPI1" finished-at="2022-06-10T15:51:31 ICT" duration-ms="1406" status="PASS">
          <reporter-output>
          </reporter-output>
        </test-method> <!-- registerAPI1 -->
        <test-method is-config="true" signature="login()[pri:0, instance:qaautomation.tugas5.APITest@68702e03]" started-at="2022-06-10T15:51:31 ICT" name="login" finished-at="2022-06-10T15:51:31 ICT" duration-ms="33" status="PASS">
          <reporter-output>
          </reporter-output>
        </test-method> <!-- login -->
        <test-method signature="registerAPI2()[pri:0, instance:qaautomation.tugas5.APITest@68702e03]" started-at="2022-06-10T15:51:31 ICT" name="registerAPI2" finished-at="2022-06-10T15:51:33 ICT" duration-ms="1492" status="PASS">
          <reporter-output>
          </reporter-output>
        </test-method> <!-- registerAPI2 -->
        <test-method is-config="true" signature="login()[pri:0, instance:qaautomation.tugas5.APITest@68702e03]" started-at="2022-06-10T15:51:33 ICT" name="login" finished-at="2022-06-10T15:51:33 ICT" duration-ms="15" status="PASS">
          <reporter-output>
          </reporter-output>
        </test-method> <!-- login -->
        <test-method signature="registerAPI3()[pri:0, instance:qaautomation.tugas5.APITest@68702e03]" started-at="2022-06-10T15:51:33 ICT" name="registerAPI3" finished-at="2022-06-10T15:51:34 ICT" duration-ms="1366" status="PASS">
          <reporter-output>
          </reporter-output>
        </test-method> <!-- registerAPI3 -->
      </class> <!-- qaautomation.tugas5.APITest -->
      <class name="qaautomation.tugas3.WebTestSauceDemo">
        <test-method is-config="true" signature="setUp()[pri:0, instance:qaautomation.tugas3.WebTestSauceDemo@4241e0f4]" started-at="2022-06-10T15:51:16 ICT" name="setUp" finished-at="2022-06-10T15:51:18 ICT" duration-ms="2301" status="PASS">
          <reporter-output>
          </reporter-output>
        </test-method> <!-- setUp -->
        <test-method signature="testLogin()[pri:0, instance:qaautomation.tugas3.WebTestSauceDemo@4241e0f4]" started-at="2022-06-10T15:51:18 ICT" name="testLogin" finished-at="2022-06-10T15:51:20 ICT" duration-ms="1034" status="PASS">
          <reporter-output>
          </reporter-output>
        </test-method> <!-- testLogin -->
        <test-method is-config="true" signature="tearDown()[pri:0, instance:qaautomation.tugas3.WebTestSauceDemo@4241e0f4]" started-at="2022-06-10T15:51:20 ICT" name="tearDown" finished-at="2022-06-10T15:51:20 ICT" duration-ms="113" status="PASS">
          <reporter-output>
          </reporter-output>
        </test-method> <!-- tearDown -->
      </class> <!-- qaautomation.tugas3.WebTestSauceDemo -->
    </test> <!-- Test -->
  </suite> <!-- Suite -->
</testng-results>
